<?xml version="1.0" encoding="UTF-8"?>
<!-- Generated by org.testng.reporters.JUnitXMLReporter -->
<testsuite ignored="0" hostname="GTBOOK" failures="0" tests="3" name="Default test" time="8.598" errors="0" timestamp="2025-01-01T12:15:25 IST">
  <testcase classname="testCases.LoginTest" name="logintest_with_locked_creds" time="0.368"/>
  <testcase classname="testCases.LoginTest" name="logintest_with_valid_creds" time="0.285"/>
  <testcase classname="testCases.LoginTest" name="logintest_with_valid_creds" time="0.292"/>
</testsuite> <!-- Default test -->
