<?xml version="1.0" encoding="UTF-8"?>
<!-- Generated by org.testng.reporters.JUnitXMLReporter -->
<testsuite ignored="0" hostname="GTBOOK" failures="0" tests="2" name="EdgeTest" time="0.076" errors="0" timestamp="2025-01-02T21:45:10 IST">
  <testcase classname="testCases.LoginTest" name="logintest_with_valid_creds" time="0.0">
    <skipped/>
  </testcase> <!-- logintest_with_valid_creds -->
  <testcase classname="testCases.LoginTest" name="logintest_with_locked_creds" time="0.0">
    <skipped/>
  </testcase> <!-- logintest_with_locked_creds -->
</testsuite> <!-- EdgeTest -->
