<?xml version="1.0" encoding="UTF-8"?>
<testng-results ignored="0" total="2" passed="2" failed="0" skipped="0">
  <reporter-output>
  </reporter-output>
  <suite started-at="2025-01-03T10:40:31 IST" name="Suite" finished-at="2025-01-03T10:40:37 IST" duration-ms="6160">
    <groups>
    </groups>
    <test started-at="2025-01-03T10:40:31 IST" name="ChromeTest" finished-at="2025-01-03T10:40:37 IST" duration-ms="6160">
      <class name="testCases.LoginTest">
        <test-method is-config="true" signature="setup(java.lang.String,java.lang.String)[pri:0, instance:testCases.LoginTest@37afeb11]" started-at="2025-01-03T10:40:31 IST" name="setup" finished-at="2025-01-03T10:40:33 IST" duration-ms="2775" status="PASS">
          <params>
            <param index="0">
              <value>
                <![CDATA[chrome]]>
              </value>
            </param>
            <param index="1">
              <value>
                <![CDATA[local]]>
              </value>
            </param>
          </params>
          <reporter-output>
          </reporter-output>
        </test-method> <!-- setup -->
        <test-method signature="logintest_with_valid_creds()[pri:1, instance:testCases.LoginTest@37afeb11]" started-at="2025-01-03T10:40:33 IST" name="logintest_with_valid_creds" finished-at="2025-01-03T10:40:34 IST" duration-ms="565" status="PASS">
          <reporter-output>
          </reporter-output>
        </test-method> <!-- logintest_with_valid_creds -->
        <test-method is-config="true" signature="tearDown()[pri:0, instance:testCases.LoginTest@37afeb11]" started-at="2025-01-03T10:40:34 IST" name="tearDown" finished-at="2025-01-03T10:40:34 IST" duration-ms="201" status="PASS">
          <reporter-output>
          </reporter-output>
        </test-method> <!-- tearDown -->
        <test-method is-config="true" signature="setup(java.lang.String,java.lang.String)[pri:0, instance:testCases.LoginTest@37afeb11]" started-at="2025-01-03T10:40:34 IST" name="setup" finished-at="2025-01-03T10:40:36 IST" duration-ms="2059" status="PASS">
          <params>
            <param index="0">
              <value>
                <![CDATA[chrome]]>
              </value>
            </param>
            <param index="1">
              <value>
                <![CDATA[local]]>
              </value>
            </param>
          </params>
          <reporter-output>
          </reporter-output>
        </test-method> <!-- setup -->
        <test-method signature="logintest_with_locked_creds()[pri:2, instance:testCases.LoginTest@37afeb11]" started-at="2025-01-03T10:40:36 IST" name="logintest_with_locked_creds" finished-at="2025-01-03T10:40:37 IST" duration-ms="363" status="PASS">
          <reporter-output>
          </reporter-output>
        </test-method> <!-- logintest_with_locked_creds -->
        <test-method is-config="true" signature="tearDown()[pri:0, instance:testCases.LoginTest@37afeb11]" started-at="2025-01-03T10:40:37 IST" name="tearDown" finished-at="2025-01-03T10:40:37 IST" duration-ms="160" status="PASS">
          <reporter-output>
          </reporter-output>
        </test-method> <!-- tearDown -->
      </class> <!-- testCases.LoginTest -->
    </test> <!-- ChromeTest -->
  </suite> <!-- Suite -->
</testng-results>
